{
  "RSpec": {
    "coverage": {
      "/Users/macinnes/Turing/three_module/dispachio/spec/models/user_spec.rb": [
        1,
        null,
        1,
        1,
        1,
        null,
        1,
        1,
        1,
        null,
        1,
        1,
        null,
        1,
        null,
        1,
        null,
        1,
        null,
        null
      ],
      "/Users/macinnes/Turing/three_module/dispachio/app/models/user.rb": [
        1,
        null,
        1,
        1,
        null,
        1,
        null,
        1,
        2,
        null,
        null
      ],
      "/Users/macinnes/Turing/three_module/dispachio/app/models/application_record.rb": [
        1,
        1,
        null
      ],
      "/Users/macinnes/Turing/three_module/dispachio/spec/requests/api/v1/requests/user_registration_spec.rb": [
        1,
        null,
        1,
        1,
        1,
        null,
        1,
        null,
        null,
        null,
        null,
        null,
        null,
        1,
        null,
        1,
        1,
        null,
        null,
        1,
        1,
        null,
        1,
        null,
        null,
        null,
        null,
        1,
        null,
        1,
        1,
        1,
        1,
        null,
        null
      ],
      "/Users/macinnes/Turing/three_module/dispachio/app/controllers/welcome_controller.rb": [
        1,
        null,
        1,
        null,
        null,
        null
      ],
      "/Users/macinnes/Turing/three_module/dispachio/app/controllers/application_controller.rb": [
        1,
        null,
        1,
        null,
        1,
        2,
        null,
        null,
        null
      ],
      "/Users/macinnes/Turing/three_module/dispachio/app/controllers/register_controller.rb": [
        1,
        null,
        1,
        4,
        null,
        null,
        null
      ],
      "/Users/macinnes/Turing/three_module/dispachio/app/controllers/users_controller.rb": [
        1,
        null,
        1,
        3,
        3,
        2,
        2,
        null,
        null,
        1,
        null,
        null,
        null,
        1,
        null,
        1,
        3,
        null,
        null,
        null
      ],
      "/Users/macinnes/Turing/three_module/dispachio/app/controllers/dispatch_controller.rb": [
        1,
        null,
        1,
        null,
        null,
        null,
        null
      ],
      "/Users/macinnes/Turing/three_module/dispachio/app/controllers/driver_controller.rb": [
        1,
        null,
        1,
        null,
        null,
        null,
        null
      ],
      "/Users/macinnes/Turing/three_module/dispachio/app/controllers/api/v1/users_controller.rb": [
        1,
        null,
        1,
        2,
        2,
        1,
        1,
        null,
        1,
        null,
        null,
        null,
        1,
        null,
        1,
        2,
        null,
        null,
        null
      ]
    },
    "timestamp": 1541461764
  }
}
